[Fri Mar 24 09:45:28.599891 2023] [ssl:warn] [pid 2776:tid 380] AH01909: www.example.com:443:0 server certificate does NOT include an ID which matches the server name
[Fri Mar 24 09:45:28.766166 2023] [ssl:warn] [pid 2776:tid 380] AH01909: www.example.com:443:0 server certificate does NOT include an ID which matches the server name
[Fri Mar 24 09:45:32.131224 2023] [mpm_winnt:notice] [pid 2776:tid 380] AH00455: Apache/2.4.54 (Win64) OpenSSL/1.1.1p PHP/8.2.0 configured -- resuming normal operations
[Fri Mar 24 09:45:32.131224 2023] [mpm_winnt:notice] [pid 2776:tid 380] AH00456: Apache Lounge VS16 Server built: Jun 22 2022 09:58:15
[Fri Mar 24 09:45:32.131224 2023] [core:notice] [pid 2776:tid 380] AH00094: Command line: 'c:\\users\\noa73\\onedrive\\bureaublad\\necuiendcn\\apache\\bin\\httpd.exe -d C:/Users/noa73/OneDrive/Bureaublad/necuiendcn/apache'
[Fri Mar 24 09:45:32.146368 2023] [mpm_winnt:notice] [pid 2776:tid 380] AH00418: Parent: Created child process 16868
[Fri Mar 24 09:45:33.139384 2023] [ssl:warn] [pid 16868:tid 364] AH01909: www.example.com:443:0 server certificate does NOT include an ID which matches the server name
[Fri Mar 24 09:45:33.272300 2023] [ssl:warn] [pid 16868:tid 364] AH01909: www.example.com:443:0 server certificate does NOT include an ID which matches the server name
[Fri Mar 24 09:45:33.368674 2023] [mpm_winnt:notice] [pid 16868:tid 364] AH00354: Child: Starting 150 worker threads.
[Fri Mar 24 10:07:35.498603 2023] [php:error] [pid 16868:tid 1900] [client ::1:56624] PHP Parse error:  syntax error, unexpected token "}", expecting "," or ";" in C:\\Users\\noa73\\OneDrive\\Bureaublad\\necuiendcn\\htdocs\\demo.php on line 5
[Fri Mar 24 10:13:16.958418 2023] [php:warn] [pid 16868:tid 1892] [client ::1:56808] PHP Warning:  Undefined variable $getal in C:\\Users\\noa73\\OneDrive\\Bureaublad\\necuiendcn\\htdocs\\demo.php on line 6
[Fri Mar 24 10:13:16.964032 2023] [php:warn] [pid 16868:tid 1892] [client ::1:56808] PHP Warning:  Undefined variable $getal in C:\\Users\\noa73\\OneDrive\\Bureaublad\\necuiendcn\\htdocs\\demo.php on line 6
[Fri Mar 24 10:13:16.964032 2023] [php:warn] [pid 16868:tid 1892] [client ::1:56808] PHP Warning:  Undefined variable $getal in C:\\Users\\noa73\\OneDrive\\Bureaublad\\necuiendcn\\htdocs\\demo.php on line 6
[Fri Mar 24 10:13:16.964032 2023] [php:warn] [pid 16868:tid 1892] [client ::1:56808] PHP Warning:  Undefined variable $getal in C:\\Users\\noa73\\OneDrive\\Bureaublad\\necuiendcn\\htdocs\\demo.php on line 6
[Fri Mar 24 10:13:16.964032 2023] [php:warn] [pid 16868:tid 1892] [client ::1:56808] PHP Warning:  Undefined variable $getal in C:\\Users\\noa73\\OneDrive\\Bureaublad\\necuiendcn\\htdocs\\demo.php on line 6
[Fri Mar 24 10:13:16.964032 2023] [php:warn] [pid 16868:tid 1892] [client ::1:56808] PHP Warning:  Undefined variable $getal in C:\\Users\\noa73\\OneDrive\\Bureaublad\\necuiendcn\\htdocs\\demo.php on line 6
[Fri Mar 24 10:13:16.964032 2023] [php:warn] [pid 16868:tid 1892] [client ::1:56808] PHP Warning:  Undefined variable $getal in C:\\Users\\noa73\\OneDrive\\Bureaublad\\necuiendcn\\htdocs\\demo.php on line 6
[Fri Mar 24 10:13:16.964032 2023] [php:warn] [pid 16868:tid 1892] [client ::1:56808] PHP Warning:  Undefined variable $getal in C:\\Users\\noa73\\OneDrive\\Bureaublad\\necuiendcn\\htdocs\\demo.php on line 6
[Fri Mar 24 10:13:16.964032 2023] [php:warn] [pid 16868:tid 1892] [client ::1:56808] PHP Warning:  Undefined variable $getal in C:\\Users\\noa73\\OneDrive\\Bureaublad\\necuiendcn\\htdocs\\demo.php on line 6
[Fri Mar 24 10:13:16.966542 2023] [php:warn] [pid 16868:tid 1892] [client ::1:56808] PHP Warning:  Undefined variable $getal in C:\\Users\\noa73\\OneDrive\\Bureaublad\\necuiendcn\\htdocs\\demo.php on line 6
[Fri Mar 24 10:14:45.487224 2023] [php:error] [pid 16868:tid 1900] [client ::1:56854] PHP Parse error:  syntax error, unexpected token "echo" in C:\\Users\\noa73\\OneDrive\\Bureaublad\\necuiendcn\\htdocs\\demo.php on line 7
[Fri Mar 24 10:15:02.357507 2023] [php:error] [pid 16868:tid 1892] [client ::1:56855] PHP Parse error:  syntax error, unexpected token "echo" in C:\\Users\\noa73\\OneDrive\\Bureaublad\\necuiendcn\\htdocs\\demo.php on line 7
[Fri Mar 24 10:15:03.804568 2023] [php:error] [pid 16868:tid 1892] [client ::1:56855] PHP Parse error:  syntax error, unexpected token "echo" in C:\\Users\\noa73\\OneDrive\\Bureaublad\\necuiendcn\\htdocs\\demo.php on line 7
[Fri Mar 24 10:15:18.242704 2023] [php:warn] [pid 16868:tid 1900] [client ::1:56867] PHP Warning:  Undefined variable $getal in C:\\Users\\noa73\\OneDrive\\Bureaublad\\necuiendcn\\htdocs\\demo.php on line 6
[Fri Mar 24 10:15:18.242704 2023] [php:warn] [pid 16868:tid 1900] [client ::1:56867] PHP Warning:  Undefined variable $getal in C:\\Users\\noa73\\OneDrive\\Bureaublad\\necuiendcn\\htdocs\\demo.php on line 6
[Fri Mar 24 10:15:18.242704 2023] [php:warn] [pid 16868:tid 1900] [client ::1:56867] PHP Warning:  Undefined variable $getal in C:\\Users\\noa73\\OneDrive\\Bureaublad\\necuiendcn\\htdocs\\demo.php on line 6
[Fri Mar 24 10:15:18.242704 2023] [php:warn] [pid 16868:tid 1900] [client ::1:56867] PHP Warning:  Undefined variable $getal in C:\\Users\\noa73\\OneDrive\\Bureaublad\\necuiendcn\\htdocs\\demo.php on line 6
[Fri Mar 24 10:15:18.242704 2023] [php:warn] [pid 16868:tid 1900] [client ::1:56867] PHP Warning:  Undefined variable $getal in C:\\Users\\noa73\\OneDrive\\Bureaublad\\necuiendcn\\htdocs\\demo.php on line 6
[Fri Mar 24 10:15:18.242704 2023] [php:warn] [pid 16868:tid 1900] [client ::1:56867] PHP Warning:  Undefined variable $getal in C:\\Users\\noa73\\OneDrive\\Bureaublad\\necuiendcn\\htdocs\\demo.php on line 6
[Fri Mar 24 10:15:18.242704 2023] [php:warn] [pid 16868:tid 1900] [client ::1:56867] PHP Warning:  Undefined variable $getal in C:\\Users\\noa73\\OneDrive\\Bureaublad\\necuiendcn\\htdocs\\demo.php on line 6
[Fri Mar 24 10:15:18.258362 2023] [php:warn] [pid 16868:tid 1900] [client ::1:56867] PHP Warning:  Undefined variable $getal in C:\\Users\\noa73\\OneDrive\\Bureaublad\\necuiendcn\\htdocs\\demo.php on line 6
[Fri Mar 24 10:15:18.258362 2023] [php:warn] [pid 16868:tid 1900] [client ::1:56867] PHP Warning:  Undefined variable $getal in C:\\Users\\noa73\\OneDrive\\Bureaublad\\necuiendcn\\htdocs\\demo.php on line 6
[Fri Mar 24 10:15:18.259538 2023] [php:warn] [pid 16868:tid 1900] [client ::1:56867] PHP Warning:  Undefined variable $getal in C:\\Users\\noa73\\OneDrive\\Bureaublad\\necuiendcn\\htdocs\\demo.php on line 6
[Fri Mar 24 10:15:46.004290 2023] [php:warn] [pid 16868:tid 1892] [client ::1:56876] PHP Warning:  Undefined variable $getal in C:\\Users\\noa73\\OneDrive\\Bureaublad\\necuiendcn\\htdocs\\demo.php on line 5
[Fri Mar 24 10:15:46.004290 2023] [php:warn] [pid 16868:tid 1892] [client ::1:56876] PHP Warning:  Undefined variable $getal in C:\\Users\\noa73\\OneDrive\\Bureaublad\\necuiendcn\\htdocs\\demo.php on line 5
[Fri Mar 24 10:15:46.004290 2023] [php:warn] [pid 16868:tid 1892] [client ::1:56876] PHP Warning:  Undefined variable $getal in C:\\Users\\noa73\\OneDrive\\Bureaublad\\necuiendcn\\htdocs\\demo.php on line 5
[Fri Mar 24 10:15:46.004290 2023] [php:warn] [pid 16868:tid 1892] [client ::1:56876] PHP Warning:  Undefined variable $getal in C:\\Users\\noa73\\OneDrive\\Bureaublad\\necuiendcn\\htdocs\\demo.php on line 5
[Fri Mar 24 10:15:46.006238 2023] [php:warn] [pid 16868:tid 1892] [client ::1:56876] PHP Warning:  Undefined variable $getal in C:\\Users\\noa73\\OneDrive\\Bureaublad\\necuiendcn\\htdocs\\demo.php on line 5
[Fri Mar 24 10:15:46.006238 2023] [php:warn] [pid 16868:tid 1892] [client ::1:56876] PHP Warning:  Undefined variable $getal in C:\\Users\\noa73\\OneDrive\\Bureaublad\\necuiendcn\\htdocs\\demo.php on line 5
[Fri Mar 24 10:15:46.007286 2023] [php:warn] [pid 16868:tid 1892] [client ::1:56876] PHP Warning:  Undefined variable $getal in C:\\Users\\noa73\\OneDrive\\Bureaublad\\necuiendcn\\htdocs\\demo.php on line 5
[Fri Mar 24 10:15:46.007286 2023] [php:warn] [pid 16868:tid 1892] [client ::1:56876] PHP Warning:  Undefined variable $getal in C:\\Users\\noa73\\OneDrive\\Bureaublad\\necuiendcn\\htdocs\\demo.php on line 5
[Fri Mar 24 10:15:46.007286 2023] [php:warn] [pid 16868:tid 1892] [client ::1:56876] PHP Warning:  Undefined variable $getal in C:\\Users\\noa73\\OneDrive\\Bureaublad\\necuiendcn\\htdocs\\demo.php on line 5
[Fri Mar 24 10:15:46.008702 2023] [php:warn] [pid 16868:tid 1892] [client ::1:56876] PHP Warning:  Undefined variable $getal in C:\\Users\\noa73\\OneDrive\\Bureaublad\\necuiendcn\\htdocs\\demo.php on line 5
[Fri Mar 24 10:16:58.433020 2023] [php:error] [pid 16868:tid 1900] [client ::1:56932] PHP Parse error:  syntax error, unexpected token "echo", expecting "," or ";" in C:\\Users\\noa73\\OneDrive\\Bureaublad\\necuiendcn\\htdocs\\demo.php on line 7
[Fri Mar 24 10:16:59.502719 2023] [php:error] [pid 16868:tid 1900] [client ::1:56932] PHP Parse error:  syntax error, unexpected token "echo", expecting "," or ";" in C:\\Users\\noa73\\OneDrive\\Bureaublad\\necuiendcn\\htdocs\\demo.php on line 7
[Fri Mar 24 10:17:19.186763 2023] [php:warn] [pid 16868:tid 1892] [client ::1:56933] PHP Warning:  Undefined variable $getal in C:\\Users\\noa73\\OneDrive\\Bureaublad\\necuiendcn\\htdocs\\demo.php on line 5
[Fri Mar 24 10:17:19.186763 2023] [php:warn] [pid 16868:tid 1892] [client ::1:56933] PHP Warning:  Undefined variable $getal in C:\\Users\\noa73\\OneDrive\\Bureaublad\\necuiendcn\\htdocs\\demo.php on line 5
[Fri Mar 24 10:17:19.186763 2023] [php:warn] [pid 16868:tid 1892] [client ::1:56933] PHP Warning:  Undefined variable $getal in C:\\Users\\noa73\\OneDrive\\Bureaublad\\necuiendcn\\htdocs\\demo.php on line 5
[Fri Mar 24 10:17:19.186763 2023] [php:warn] [pid 16868:tid 1892] [client ::1:56933] PHP Warning:  Undefined variable $getal in C:\\Users\\noa73\\OneDrive\\Bureaublad\\necuiendcn\\htdocs\\demo.php on line 5
[Fri Mar 24 10:17:19.186763 2023] [php:warn] [pid 16868:tid 1892] [client ::1:56933] PHP Warning:  Undefined variable $getal in C:\\Users\\noa73\\OneDrive\\Bureaublad\\necuiendcn\\htdocs\\demo.php on line 5
[Fri Mar 24 10:17:19.186763 2023] [php:warn] [pid 16868:tid 1892] [client ::1:56933] PHP Warning:  Undefined variable $getal in C:\\Users\\noa73\\OneDrive\\Bureaublad\\necuiendcn\\htdocs\\demo.php on line 5
[Fri Mar 24 10:17:19.186763 2023] [php:warn] [pid 16868:tid 1892] [client ::1:56933] PHP Warning:  Undefined variable $getal in C:\\Users\\noa73\\OneDrive\\Bureaublad\\necuiendcn\\htdocs\\demo.php on line 5
[Fri Mar 24 10:17:19.186763 2023] [php:warn] [pid 16868:tid 1892] [client ::1:56933] PHP Warning:  Undefined variable $getal in C:\\Users\\noa73\\OneDrive\\Bureaublad\\necuiendcn\\htdocs\\demo.php on line 5
[Fri Mar 24 10:17:19.186763 2023] [php:warn] [pid 16868:tid 1892] [client ::1:56933] PHP Warning:  Undefined variable $getal in C:\\Users\\noa73\\OneDrive\\Bureaublad\\necuiendcn\\htdocs\\demo.php on line 5
[Fri Mar 24 10:17:19.186763 2023] [php:warn] [pid 16868:tid 1892] [client ::1:56933] PHP Warning:  Undefined variable $getal in C:\\Users\\noa73\\OneDrive\\Bureaublad\\necuiendcn\\htdocs\\demo.php on line 5
[Fri Mar 24 10:19:00.040543 2023] [php:error] [pid 16868:tid 1892] [client ::1:57007] PHP Parse error:  syntax error, unexpected token "for", expecting "," or ";" in C:\\Users\\noa73\\OneDrive\\Bureaublad\\necuiendcn\\htdocs\\demo.php on line 5
[Fri Mar 24 10:22:01.463509 2023] [php:error] [pid 16868:tid 1892] [client ::1:57099] PHP Parse error:  syntax error, unexpected token "echo", expecting "," or ";" in C:\\Users\\noa73\\OneDrive\\Bureaublad\\necuiendcn\\htdocs\\demo.php on line 5
[Fri Mar 24 11:00:42.025477 2023] [php:warn] [pid 16868:tid 1892] [client ::1:57647] PHP Warning:  Undefined array key "nummer" in C:\\Users\\noa73\\OneDrive\\Bureaublad\\necuiendcn\\htdocs\\demo.php on line 3
[Fri Mar 24 11:19:11.470554 2023] [php:error] [pid 16868:tid 1892] [client ::1:58203] PHP Fatal error:  Uncaught Error: Call to undefined function isnumberic() in C:\\Users\\noa73\\OneDrive\\Bureaublad\\necuiendcn\\htdocs\\demo.php:3\nStack trace:\n#0 {main}\n  thrown in C:\\Users\\noa73\\OneDrive\\Bureaublad\\necuiendcn\\htdocs\\demo.php on line 3, referer: http://localhost/demo.php
[Fri Mar 24 11:19:42.256701 2023] [php:error] [pid 16868:tid 1900] [client ::1:58204] PHP Fatal error:  Uncaught ArgumentCountError: is_numeric() expects exactly 1 argument, 0 given in C:\\Users\\noa73\\OneDrive\\Bureaublad\\necuiendcn\\htdocs\\demo.php:3\nStack trace:\n#0 C:\\Users\\noa73\\OneDrive\\Bureaublad\\necuiendcn\\htdocs\\demo.php(3): is_numeric()\n#1 {main}\n  thrown in C:\\Users\\noa73\\OneDrive\\Bureaublad\\necuiendcn\\htdocs\\demo.php on line 3, referer: http://localhost/demo.php
[Fri Mar 24 11:19:47.256338 2023] [php:error] [pid 16868:tid 1900] [client ::1:58204] PHP Fatal error:  Uncaught ArgumentCountError: is_numeric() expects exactly 1 argument, 0 given in C:\\Users\\noa73\\OneDrive\\Bureaublad\\necuiendcn\\htdocs\\demo.php:3\nStack trace:\n#0 C:\\Users\\noa73\\OneDrive\\Bureaublad\\necuiendcn\\htdocs\\demo.php(3): is_numeric()\n#1 {main}\n  thrown in C:\\Users\\noa73\\OneDrive\\Bureaublad\\necuiendcn\\htdocs\\demo.php on line 3, referer: http://localhost/demo.php
[Fri Mar 24 11:20:12.990997 2023] [php:warn] [pid 16868:tid 1892] [client ::1:58223] PHP Warning:  Undefined variable $getal in C:\\Users\\noa73\\OneDrive\\Bureaublad\\necuiendcn\\htdocs\\demo.php on line 3, referer: http://localhost/demo.php
[Fri Mar 24 11:20:16.198234 2023] [php:warn] [pid 16868:tid 1892] [client ::1:58223] PHP Warning:  Undefined variable $getal in C:\\Users\\noa73\\OneDrive\\Bureaublad\\necuiendcn\\htdocs\\demo.php on line 3, referer: http://localhost/demo.php
[Tue Mar 28 12:57:38.663929 2023] [ssl:warn] [pid 11360:tid 352] AH01909: www.example.com:443:0 server certificate does NOT include an ID which matches the server name
[Tue Mar 28 12:57:38.717093 2023] [core:warn] [pid 11360:tid 352] AH00098: pid file C:/Users/noa73/OneDrive/Bureaublad/necuiendcn/apache/logs/httpd.pid overwritten -- Unclean shutdown of previous Apache run?
[Tue Mar 28 12:57:38.721056 2023] [ssl:warn] [pid 11360:tid 352] AH01909: www.example.com:443:0 server certificate does NOT include an ID which matches the server name
[Tue Mar 28 12:57:39.037962 2023] [mpm_winnt:notice] [pid 11360:tid 352] AH00455: Apache/2.4.54 (Win64) OpenSSL/1.1.1p PHP/8.2.0 configured -- resuming normal operations
[Tue Mar 28 12:57:39.038960 2023] [mpm_winnt:notice] [pid 11360:tid 352] AH00456: Apache Lounge VS16 Server built: Jun 22 2022 09:58:15
[Tue Mar 28 12:57:39.038960 2023] [core:notice] [pid 11360:tid 352] AH00094: Command line: 'c:\\users\\noa73\\onedrive\\bureaublad\\necuiendcn\\apache\\bin\\httpd.exe -d C:/Users/noa73/OneDrive/Bureaublad/necuiendcn/apache'
[Tue Mar 28 12:57:39.047458 2023] [mpm_winnt:notice] [pid 11360:tid 352] AH00418: Parent: Created child process 15552
[Tue Mar 28 12:57:39.481881 2023] [ssl:warn] [pid 15552:tid 356] AH01909: www.example.com:443:0 server certificate does NOT include an ID which matches the server name
[Tue Mar 28 12:57:39.534252 2023] [ssl:warn] [pid 15552:tid 356] AH01909: www.example.com:443:0 server certificate does NOT include an ID which matches the server name
[Tue Mar 28 12:57:39.574473 2023] [mpm_winnt:notice] [pid 15552:tid 356] AH00354: Child: Starting 150 worker threads.
